Start testing: Jun 29 20:46 KST
----------------------------------------------------------
1/1 Testing: common_api_tests
1/1 Test: common_api_tests
Command: "/Users/tark/workspace/openEngine/build/common_api_tests"
Directory: /Users/tark/workspace/openEngine/build
"common_api_tests" start time: Jun 29 20:46 KST
Output:
----------------------------------------------------------
common_api_tests PASSED
<end of output>
Test time =   0.00 sec
----------------------------------------------------------
Test Passed.
"common_api_tests" end time: Jun 29 20:46 KST
"common_api_tests" time elapsed: 00:00:00
----------------------------------------------------------

End testing: Jun 29 20:46 KST
